2024-03-05-20-42,579 root INFO use_lora: False
2024-03-05-20-42,579 root INFO max_unlearn_steps: 10000
2024-03-05-20-42,579 root INFO bad_weight: 0.5
2024-03-05-20-42,579 root INFO random_weight: 1
2024-03-05-20-42,579 root INFO normal_weight: 1
2024-03-05-20-42,579 root INFO batch_size: 4
2024-03-05-20-42,579 root INFO lr: 2e-06
2024-03-05-20-42,579 root INFO max_bad_loss: 100
2024-03-05-20-42,579 root INFO model_name: ../snlp-unlearned-models/models/olmo1b_unlearned/
2024-03-05-20-42,579 root INFO model_save_dir: models/opt1.3b_unlearned
2024-03-05-20-42,579 root INFO save_every: 500
2024-03-05-20-42,579 root INFO log_file: logs/olmo1b_unlearned.log
2024-03-05-20-42,579 root INFO cache_dir: ./.cache
2024-03-05-20-42,579 root INFO target_loss: 3
2024-03-05-20-49,289 root INFO Current loss PKU on test set:99.55758764270638
2024-03-05-20-50,919 root INFO 		Epoch 1, batch 0/81666, loss for current batch: 105.360107421875
2024-03-05-20-50,224 root INFO 		Epoch 1, batch 1/81666, loss for current batch: nan
2024-03-05-20-50,429 root INFO 		Epoch 1, batch 2/81666, loss for current batch: nan
2024-03-05-20-50,669 root INFO 		Epoch 1, batch 3/81666, loss for current batch: nan
2024-03-05-20-50,883 root INFO 		Epoch 1, batch 4/81666, loss for current batch: nan
2024-03-05-20-50,130 root INFO 		Epoch 1, batch 5/81666, loss for current batch: nan
2024-03-05-20-50,370 root INFO 		Epoch 1, batch 6/81666, loss for current batch: nan
2024-03-05-20-50,661 root INFO 		Epoch 1, batch 7/81666, loss for current batch: nan
2024-03-05-20-50,901 root INFO 		Epoch 1, batch 8/81666, loss for current batch: nan
2024-03-05-20-50,174 root INFO 		Epoch 1, batch 9/81666, loss for current batch: nan
2024-03-05-20-50,397 root INFO 		Epoch 1, batch 10/81666, loss for current batch: nan
2024-03-05-20-50,620 root INFO 		Epoch 1, batch 11/81666, loss for current batch: nan
2024-03-05-20-50,850 root INFO 		Epoch 1, batch 12/81666, loss for current batch: nan
2024-03-05-20-50,95 root INFO 		Epoch 1, batch 13/81666, loss for current batch: nan
2024-03-05-20-50,357 root INFO 		Epoch 1, batch 14/81666, loss for current batch: nan
2024-03-05-20-50,581 root INFO 		Epoch 1, batch 15/81666, loss for current batch: nan
2024-03-05-20-50,821 root INFO 		Epoch 1, batch 16/81666, loss for current batch: nan
2024-03-05-20-50,63 root INFO 		Epoch 1, batch 17/81666, loss for current batch: nan
2024-03-05-20-50,296 root INFO 		Epoch 1, batch 18/81666, loss for current batch: nan
2024-03-05-20-50,510 root INFO 		Epoch 1, batch 19/81666, loss for current batch: nan
2024-03-05-20-50,740 root INFO 		Epoch 1, batch 20/81666, loss for current batch: nan
2024-03-05-20-50,3 root INFO 		Epoch 1, batch 21/81666, loss for current batch: nan
2024-03-05-20-50,243 root INFO 		Epoch 1, batch 22/81666, loss for current batch: nan
2024-03-05-20-50,467 root INFO 		Epoch 1, batch 23/81666, loss for current batch: nan
2024-03-05-20-50,707 root INFO 		Epoch 1, batch 24/81666, loss for current batch: nan
2024-03-05-20-50,947 root INFO 		Epoch 1, batch 25/81666, loss for current batch: nan
2024-03-05-20-50,192 root INFO 		Epoch 1, batch 26/81666, loss for current batch: nan
2024-03-05-20-50,441 root INFO 		Epoch 1, batch 27/81666, loss for current batch: nan
2024-03-05-20-50,653 root INFO 		Epoch 1, batch 28/81666, loss for current batch: nan
2024-03-05-20-50,885 root INFO 		Epoch 1, batch 29/81666, loss for current batch: nan
2024-03-05-20-50,100 root INFO 		Epoch 1, batch 30/81666, loss for current batch: nan
